This file contains any messages produced by compilers while
running configure, to aid debugging if configure makes a mistake.

It was created by gc configure 7.2, which was
generated by GNU Autoconf 2.69.  Invocation command line was

  $ /home/induk/workspace/x10-2.4.3-src/x10.runtime/src-cpp/bdwgc-7.2e/src/configure -enable-threads=posix -enable-thread-local-alloc --enable-large-config --enable-parallel-mark --prefix=/home/induk/workspace/x10-2.4.3-src/x10.runtime/src-cpp/bdwgc-7.2e/install

## --------- ##
## Platform. ##
## --------- ##

hostname = k2
uname -m = x86_64
uname -r = 2.6.32-358.el6.x86_64
uname -s = Linux
uname -v = #1 SMP Fri Feb 22 00:31:26 UTC 2013

/usr/bin/uname -p = unknown
/bin/uname -X     = unknown

/bin/arch              = x86_64
/usr/bin/arch -k       = unknown
/usr/convex/getsysinfo = unknown
/usr/bin/hostinfo      = unknown
/bin/machine           = unknown
/usr/bin/oslevel       = unknown
/bin/universe          = unknown

PATH: /home/induk/workspace/x10-2.4.3-src/x10.dist/bin
PATH: /home/induk/Softwares/x10-trunk_2.4.3/x10.dist/bin
PATH: /home/induk/Softwares/x10-trunk_2.4.3/x10.dist/bin
PATH: /home/induk/workspace/x10-2.4.3-src/x10.dist/bin
PATH: /home/induk/workspace/x10-2.4.3-src/x10.dist/bin
PATH: /home/induk/Softwares/x10-trunk_2.4.3/x10.dist/bin
PATH: /usr/lib64/ccache
PATH: /usr/lib64/qt-3.3/bin
PATH: /usr/kerberos/sbin
PATH: /usr/kerberos/bin
PATH: /usr/local/bin
PATH: /bin
PATH: /usr/bin
PATH: /usr/local/sbin
PATH: /usr/sbin
PATH: /sbin
PATH: /usr/local/maui/sbin
PATH: /usr/local/maui/bin
PATH: /usr/lib/jvm/java-1.7.0-openjdk-1.7.0.9.x86_64/bin
PATH: /usr/bin/apt
PATH: /home/induk/Softwares/apache-ant-1.9.4/bin
PATH: /home/induk/bin
PATH: /usr/lib/jvm/java-1.7.0-openjdk-1.7.0.9.x86_64/bin
PATH: /usr/bin/apt
PATH: /home/induk/Softwares/apache-ant-1.9.4/bin
PATH: /home/induk/bin
PATH: /usr/lib/jvm/java-1.7.0-openjdk-1.7.0.9.x86_64/bin
PATH: /usr/bin/apt
PATH: /home/induk/Softwares/apache-ant-1.9.4/bin
PATH: /usr/lib/jvm/java-1.7.0-openjdk-1.7.0.9.x86_64/bin
PATH: /usr/bin/apt
PATH: /home/induk/Softwares/apache-ant-1.9.4/bin
PATH: /usr/lib/jvm/java-1.7.0-openjdk-1.7.0.9.x86_64/bin
PATH: /usr/bin/apt
PATH: /home/induk/Softwares/apache-ant-1.9.4/bin
PATH: /home/induk/Softwares/jdk1.7.0_51/bin
PATH: /usr/bin/apt
PATH: /home/induk/Softwares/apache-ant-1.9.4/bin
PATH: /home/induk/Softwares/jdk1.7.0_51/bin
PATH: /usr/bin/apt
PATH: /home/induk/Softwares/apache-ant-1.9.4/bin


## ----------- ##
## Core tests. ##
## ----------- ##

configure:2496: checking build system type
configure:2510: result: x86_64-unknown-linux-gnu
configure:2530: checking host system type
configure:2543: result: x86_64-unknown-linux-gnu
configure:2563: checking target system type
configure:2576: result: x86_64-unknown-linux-gnu
configure:2605: checking GC version numbers
configure:2644: result: major=7 minor=2 
configure:2664: checking for a BSD-compatible install
configure:2732: result: /usr/bin/install -c
configure:2743: checking whether build environment is sane
configure:2798: result: yes
configure:2949: checking for a thread-safe mkdir -p
configure:2988: result: /bin/mkdir -p
configure:2995: checking for gawk
configure:3011: found /bin/gawk
configure:3022: result: gawk
configure:3033: checking whether make sets $(MAKE)
configure:3055: result: yes
configure:3084: checking whether make supports nested variables
configure:3101: result: yes
configure:3188: checking whether to enable maintainer-specific portions of Makefiles
configure:3197: result: no
configure:3226: checking for style of include used by make
configure:3254: result: GNU
configure:3325: checking for gcc
configure:3341: found /usr/lib64/ccache/gcc
configure:3352: result: gcc
configure:3581: checking for C compiler version
configure:3590: gcc --version >&5
gcc (GCC) 4.4.7 20120313 (Red Hat 4.4.7-3)
Copyright (C) 2010 Free Software Foundation, Inc.
This is free software; see the source for copying conditions.  There is NO
warranty; not even for MERCHANTABILITY or FITNESS FOR A PARTICULAR PURPOSE.

configure:3601: $? = 0
configure:3590: gcc -v >&5
Using built-in specs.
Target: x86_64-redhat-linux
Configured with: ../configure --prefix=/usr --mandir=/usr/share/man --infodir=/usr/share/info --with-bugurl=http://bugzilla.redhat.com/bugzilla --enable-bootstrap --enable-shared --enable-threads=posix --enable-checking=release --with-system-zlib --enable-__cxa_atexit --disable-libunwind-exceptions --enable-gnu-unique-object --enable-languages=c,c++,objc,obj-c++,java,fortran,ada --enable-java-awt=gtk --disable-dssi --with-java-home=/usr/lib/jvm/java-1.5.0-gcj-1.5.0.0/jre --enable-libgcj-multifile --enable-java-maintainer-mode --with-ecj-jar=/usr/share/java/eclipse-ecj.jar --disable-libjava-multilib --with-ppl --with-cloog --with-tune=generic --with-arch_32=i686 --build=x86_64-redhat-linux
Thread model: posix
gcc version 4.4.7 20120313 (Red Hat 4.4.7-3) (GCC) 
configure:3601: $? = 0
configure:3590: gcc -V >&5
gcc: '-V' option must have argument
configure:3601: $? = 1
configure:3590: gcc -qversion >&5
gcc: unrecognized option '-qversion'
gcc: no input files
configure:3601: $? = 1
configure:3621: checking whether the C compiler works
configure:3643: gcc    conftest.c  >&5
configure:3647: $? = 0
configure:3695: result: yes
configure:3698: checking for C compiler default output file name
configure:3700: result: a.out
configure:3706: checking for suffix of executables
configure:3713: gcc -o conftest    conftest.c  >&5
configure:3717: $? = 0
configure:3739: result: 
configure:3761: checking whether we are cross compiling
configure:3769: gcc -o conftest    conftest.c  >&5
configure:3773: $? = 0
configure:3780: ./conftest
configure:3784: $? = 0
configure:3799: result: no
configure:3804: checking for suffix of object files
configure:3826: gcc -c   conftest.c >&5
configure:3830: $? = 0
configure:3851: result: o
configure:3855: checking whether we are using the GNU C compiler
configure:3874: gcc -c   conftest.c >&5
configure:3874: $? = 0
configure:3883: result: yes
configure:3892: checking whether gcc accepts -g
configure:3912: gcc -c -g  conftest.c >&5
configure:3912: $? = 0
configure:3953: result: yes
configure:3970: checking for gcc option to accept ISO C89
configure:4033: gcc  -c -g -O2  conftest.c >&5
configure:4033: $? = 0
configure:4046: result: none needed
configure:4068: checking dependency style of gcc
configure:4179: result: gcc3
configure:4195: checking whether gcc and cc understand -c and -o together
configure:4226: gcc -c conftest.c -o conftest2.o >&5
configure:4230: $? = 0
configure:4236: gcc -c conftest.c -o conftest2.o >&5
configure:4240: $? = 0
configure:4251: cc -c conftest.c >&5
configure:4255: $? = 0
configure:4263: cc -c conftest.c -o conftest2.o >&5
configure:4267: $? = 0
configure:4273: cc -c conftest.c -o conftest2.o >&5
configure:4277: $? = 0
configure:4295: result: yes
configure:4378: checking for g++
configure:4394: found /usr/lib64/ccache/g++
configure:4405: result: g++
configure:4432: checking for C++ compiler version
configure:4441: g++ --version >&5
g++ (GCC) 4.4.7 20120313 (Red Hat 4.4.7-3)
Copyright (C) 2010 Free Software Foundation, Inc.
This is free software; see the source for copying conditions.  There is NO
warranty; not even for MERCHANTABILITY or FITNESS FOR A PARTICULAR PURPOSE.

configure:4452: $? = 0
configure:4441: g++ -v >&5
Using built-in specs.
Target: x86_64-redhat-linux
Configured with: ../configure --prefix=/usr --mandir=/usr/share/man --infodir=/usr/share/info --with-bugurl=http://bugzilla.redhat.com/bugzilla --enable-bootstrap --enable-shared --enable-threads=posix --enable-checking=release --with-system-zlib --enable-__cxa_atexit --disable-libunwind-exceptions --enable-gnu-unique-object --enable-languages=c,c++,objc,obj-c++,java,fortran,ada --enable-java-awt=gtk --disable-dssi --with-java-home=/usr/lib/jvm/java-1.5.0-gcj-1.5.0.0/jre --enable-libgcj-multifile --enable-java-maintainer-mode --with-ecj-jar=/usr/share/java/eclipse-ecj.jar --disable-libjava-multilib --with-ppl --with-cloog --with-tune=generic --with-arch_32=i686 --build=x86_64-redhat-linux
Thread model: posix
gcc version 4.4.7 20120313 (Red Hat 4.4.7-3) (GCC) 
configure:4452: $? = 0
configure:4441: g++ -V >&5
g++: '-V' option must have argument
configure:4452: $? = 1
configure:4441: g++ -qversion >&5
g++: unrecognized option '-qversion'
g++: no input files
configure:4452: $? = 1
configure:4456: checking whether we are using the GNU C++ compiler
configure:4475: g++ -c   conftest.cpp >&5
configure:4475: $? = 0
configure:4484: result: yes
configure:4493: checking whether g++ accepts -g
configure:4513: g++ -c -g  conftest.cpp >&5
configure:4513: $? = 0
configure:4554: result: yes
configure:4579: checking dependency style of g++
configure:4690: result: gcc3
configure:4715: checking dependency style of gcc
configure:4824: result: gcc3
configure:4913: checking for inline
configure:4929: gcc -c -g -O2  conftest.c >&5
configure:4929: $? = 0
configure:4937: result: inline
configure:4965: checking for pthread_self in -lpthread
configure:4990: gcc -o conftest -g -O2   conftest.c -lpthread   >&5
configure:4990: $? = 0
configure:4999: result: yes
configure:5018: WARNING: "Explicit GC_INIT() calls may be required."
configure:5315: checking for xlc
configure:5332: gcc -c -g -O2  conftest.c >&5
conftest.c:23:4: error: #error 
configure:5332: $? = 1
configure: failed program was:
| /* confdefs.h */
| #define PACKAGE_NAME "gc"
| #define PACKAGE_TARNAME "gc"
| #define PACKAGE_VERSION "7.2"
| #define PACKAGE_STRING "gc 7.2"
| #define PACKAGE_BUGREPORT "gc@linux.hpl.hp.com"
| #define PACKAGE_URL ""
| #define GC_VERSION_MAJOR 7
| #define GC_VERSION_MINOR 2
| #define PACKAGE "gc"
| #define VERSION "7.2"
| #define GC_LINUX_THREADS 1
| #define _REENTRANT 1
| #define PARALLEL_MARK 1
| #define THREAD_LOCAL_ALLOC 1
| /* end confdefs.h.  */
| 
| int
| main ()
| {
| 
|  #ifndef __xlC__
|  # error
|  #endif
| 
|   ;
|   return 0;
| }
configure:5338: result: no
configure:5357: checking whether gcc supports -fno-strict-aliasing
configure:5383: gcc -c -g -O2 -fno-strict-aliasing  conftest.c >&5
configure:5383: $? = 0
configure:5392: result: yes
configure:5405: checking for dlopen in -ldl
configure:5430: gcc -o conftest -g -O2 -fno-strict-aliasing   conftest.c -ldl   >&5
configure:5430: $? = 0
configure:5439: result: yes
configure:5516: checking whether to build shared libraries
configure:5558: result: yes
configure:5572: checking which machine-dependent code should be used
configure:5634: result: 
configure:5688: checking how to print strings
configure:5715: result: printf
configure:5736: checking for a sed that does not truncate output
configure:5800: result: /bin/sed
configure:5818: checking for grep that handles long lines and -e
configure:5876: result: /bin/grep
configure:5881: checking for egrep
configure:5943: result: /bin/grep -E
configure:5948: checking for fgrep
configure:6010: result: /bin/grep -F
configure:6045: checking for ld used by gcc
configure:6112: result: /usr/bin/ld
configure:6119: checking if the linker (/usr/bin/ld) is GNU ld
configure:6134: result: yes
configure:6146: checking for BSD- or MS-compatible name lister (nm)
configure:6195: result: /usr/bin/nm -B
configure:6325: checking the name lister (/usr/bin/nm -B) interface
configure:6332: gcc -c -g -O2 -fno-strict-aliasing  conftest.c >&5
configure:6335: /usr/bin/nm -B "conftest.o"
configure:6338: output
0000000000000000 B some_variable
configure:6345: result: BSD nm
configure:6348: checking whether ln -s works
configure:6352: result: yes
configure:6360: checking the maximum length of command line arguments
configure:6490: result: 3458764513820540925
configure:6507: checking whether the shell understands some XSI constructs
configure:6517: result: yes
configure:6521: checking whether the shell understands "+="
configure:6527: result: yes
configure:6562: checking how to convert x86_64-unknown-linux-gnu file names to x86_64-unknown-linux-gnu format
configure:6602: result: func_convert_file_noop
configure:6609: checking how to convert x86_64-unknown-linux-gnu file names to toolchain format
configure:6629: result: func_convert_file_noop
configure:6636: checking for /usr/bin/ld option to reload object files
configure:6643: result: -r
configure:6717: checking for objdump
configure:6733: found /usr/bin/objdump
configure:6744: result: objdump
configure:6776: checking how to recognize dependent libraries
configure:6978: result: pass_all
configure:7063: checking for dlltool
configure:7093: result: no
configure:7123: checking how to associate runtime and link libraries
configure:7150: result: printf %s\n
configure:7210: checking for ar
configure:7226: found /usr/bin/ar
configure:7237: result: ar
configure:7274: checking for archiver @FILE support
configure:7291: gcc -c -g -O2 -fno-strict-aliasing  conftest.c >&5
configure:7291: $? = 0
configure:7294: ar cru libconftest.a @conftest.lst >&5
configure:7297: $? = 0
configure:7302: ar cru libconftest.a @conftest.lst >&5
ar: conftest.o: No such file or directory
configure:7305: $? = 1
configure:7317: result: @
configure:7375: checking for strip
configure:7391: found /usr/bin/strip
configure:7402: result: strip
configure:7474: checking for ranlib
configure:7490: found /usr/bin/ranlib
configure:7501: result: ranlib
configure:7603: checking command to parse /usr/bin/nm -B output from gcc object
configure:7723: gcc -c -g -O2 -fno-strict-aliasing  conftest.c >&5
configure:7726: $? = 0
configure:7730: /usr/bin/nm -B conftest.o \| sed -n -e 's/^.*[ ]\([ABCDGIRSTW][ABCDGIRSTW]*\)[ ][ ]*\([_A-Za-z][_A-Za-z0-9]*\)$/\1 \2 \2/p' | sed '/ __gnu_lto/d' \> conftest.nm
configure:7733: $? = 0
configure:7799: gcc -o conftest -g -O2 -fno-strict-aliasing   conftest.c conftstm.o >&5
configure:7802: $? = 0
configure:7840: result: ok
configure:7877: checking for sysroot
configure:7907: result: no
configure:7984: gcc -c -g -O2 -fno-strict-aliasing  conftest.c >&5
configure:7987: $? = 0
configure:8163: checking for mt
configure:8193: result: no
configure:8213: checking if : is a manifest tool
configure:8219: : '-?'
configure:8227: result: no
configure:8869: checking how to run the C preprocessor
configure:8900: gcc -E  conftest.c
configure:8900: $? = 0
configure:8914: gcc -E  conftest.c
conftest.c:17:28: error: ac_nonexistent.h: No such file or directory
configure:8914: $? = 1
configure: failed program was:
| /* confdefs.h */
| #define PACKAGE_NAME "gc"
| #define PACKAGE_TARNAME "gc"
| #define PACKAGE_VERSION "7.2"
| #define PACKAGE_STRING "gc 7.2"
| #define PACKAGE_BUGREPORT "gc@linux.hpl.hp.com"
| #define PACKAGE_URL ""
| #define GC_VERSION_MAJOR 7
| #define GC_VERSION_MINOR 2
| #define PACKAGE "gc"
| #define VERSION "7.2"
| #define GC_LINUX_THREADS 1
| #define _REENTRANT 1
| #define PARALLEL_MARK 1
| #define THREAD_LOCAL_ALLOC 1
| /* end confdefs.h.  */
| #include <ac_nonexistent.h>
configure:8939: result: gcc -E
configure:8959: gcc -E  conftest.c
configure:8959: $? = 0
configure:8973: gcc -E  conftest.c
conftest.c:17:28: error: ac_nonexistent.h: No such file or directory
configure:8973: $? = 1
configure: failed program was:
| /* confdefs.h */
| #define PACKAGE_NAME "gc"
| #define PACKAGE_TARNAME "gc"
| #define PACKAGE_VERSION "7.2"
| #define PACKAGE_STRING "gc 7.2"
| #define PACKAGE_BUGREPORT "gc@linux.hpl.hp.com"
| #define PACKAGE_URL ""
| #define GC_VERSION_MAJOR 7
| #define GC_VERSION_MINOR 2
| #define PACKAGE "gc"
| #define VERSION "7.2"
| #define GC_LINUX_THREADS 1
| #define _REENTRANT 1
| #define PARALLEL_MARK 1
| #define THREAD_LOCAL_ALLOC 1
| /* end confdefs.h.  */
| #include <ac_nonexistent.h>
configure:9002: checking for ANSI C header files
configure:9022: gcc -c -g -O2 -fno-strict-aliasing  conftest.c >&5
configure:9022: $? = 0
configure:9095: gcc -o conftest -g -O2 -fno-strict-aliasing   conftest.c  >&5
configure:9095: $? = 0
configure:9095: ./conftest
configure:9095: $? = 0
configure:9106: result: yes
configure:9119: checking for sys/types.h
configure:9119: gcc -c -g -O2 -fno-strict-aliasing  conftest.c >&5
configure:9119: $? = 0
configure:9119: result: yes
configure:9119: checking for sys/stat.h
configure:9119: gcc -c -g -O2 -fno-strict-aliasing  conftest.c >&5
configure:9119: $? = 0
configure:9119: result: yes
configure:9119: checking for stdlib.h
configure:9119: gcc -c -g -O2 -fno-strict-aliasing  conftest.c >&5
configure:9119: $? = 0
configure:9119: result: yes
configure:9119: checking for string.h
configure:9119: gcc -c -g -O2 -fno-strict-aliasing  conftest.c >&5
configure:9119: $? = 0
configure:9119: result: yes
configure:9119: checking for memory.h
configure:9119: gcc -c -g -O2 -fno-strict-aliasing  conftest.c >&5
configure:9119: $? = 0
configure:9119: result: yes
configure:9119: checking for strings.h
configure:9119: gcc -c -g -O2 -fno-strict-aliasing  conftest.c >&5
configure:9119: $? = 0
configure:9119: result: yes
configure:9119: checking for inttypes.h
configure:9119: gcc -c -g -O2 -fno-strict-aliasing  conftest.c >&5
configure:9119: $? = 0
configure:9119: result: yes
configure:9119: checking for stdint.h
configure:9119: gcc -c -g -O2 -fno-strict-aliasing  conftest.c >&5
configure:9119: $? = 0
configure:9119: result: yes
configure:9119: checking for unistd.h
configure:9119: gcc -c -g -O2 -fno-strict-aliasing  conftest.c >&5
configure:9119: $? = 0
configure:9119: result: yes
configure:9133: checking for dlfcn.h
configure:9133: gcc -c -g -O2 -fno-strict-aliasing  conftest.c >&5
configure:9133: $? = 0
configure:9133: result: yes
configure:9320: checking for objdir
configure:9335: result: .libs
configure:9606: checking if gcc supports -fno-rtti -fno-exceptions
configure:9624: gcc -c -g -O2 -fno-strict-aliasing  -fno-rtti -fno-exceptions conftest.c >&5
cc1: warning: command line option "-fno-rtti" is valid for C++/ObjC++ but not for C
cc1: warning: command line option "-fno-rtti" is valid for C++/ObjC++ but not for C
configure:9628: $? = 0
configure:9641: result: no
configure:9968: checking for gcc option to produce PIC
configure:9975: result: -fPIC -DPIC
configure:9983: checking if gcc PIC flag -fPIC -DPIC works
configure:10001: gcc -c -g -O2 -fno-strict-aliasing  -fPIC -DPIC -DPIC conftest.c >&5
configure:10005: $? = 0
configure:10018: result: yes
configure:10047: checking if gcc static flag -static works
configure:10075: result: no
configure:10090: checking if gcc supports -c -o file.o
configure:10111: gcc -c -g -O2 -fno-strict-aliasing  -o out/conftest2.o conftest.c >&5
configure:10115: $? = 0
configure:10137: result: yes
configure:10145: checking if gcc supports -c -o file.o
configure:10192: result: yes
configure:10225: checking whether the gcc linker (/usr/bin/ld -m elf_x86_64) supports shared libraries
configure:11378: result: yes
configure:11415: checking whether -lc should be explicitly linked in
configure:11423: gcc -c -g -O2 -fno-strict-aliasing  conftest.c >&5
configure:11426: $? = 0
configure:11441: gcc -shared  -fPIC -DPIC conftest.o  -v -Wl,-soname -Wl,conftest -o conftest 2\>\&1 \| /bin/grep  -lc  \>/dev/null 2\>\&1
configure:11444: $? = 0
configure:11458: result: no
configure:11618: checking dynamic linker characteristics
configure:12129: gcc -o conftest -g -O2 -fno-strict-aliasing   -Wl,-rpath -Wl,/foo conftest.c  >&5
configure:12129: $? = 0
configure:12351: result: GNU/Linux ld.so
configure:12458: checking how to hardcode library paths into programs
configure:12483: result: immediate
configure:13023: checking whether stripping libraries is possible
configure:13028: result: yes
configure:13063: checking if libtool supports shared libraries
configure:13065: result: yes
configure:13068: checking whether to build shared libraries
configure:13089: result: yes
configure:13092: checking whether to build static libraries
configure:13096: result: yes
configure:13119: checking how to run the C++ preprocessor
configure:13146: g++ -E  conftest.cpp
configure:13146: $? = 0
configure:13160: g++ -E  conftest.cpp
conftest.cpp:29:28: error: ac_nonexistent.h: No such file or directory
configure:13160: $? = 1
configure: failed program was:
| /* confdefs.h */
| #define PACKAGE_NAME "gc"
| #define PACKAGE_TARNAME "gc"
| #define PACKAGE_VERSION "7.2"
| #define PACKAGE_STRING "gc 7.2"
| #define PACKAGE_BUGREPORT "gc@linux.hpl.hp.com"
| #define PACKAGE_URL ""
| #define GC_VERSION_MAJOR 7
| #define GC_VERSION_MINOR 2
| #define PACKAGE "gc"
| #define VERSION "7.2"
| #define GC_LINUX_THREADS 1
| #define _REENTRANT 1
| #define PARALLEL_MARK 1
| #define THREAD_LOCAL_ALLOC 1
| #define STDC_HEADERS 1
| #define HAVE_SYS_TYPES_H 1
| #define HAVE_SYS_STAT_H 1
| #define HAVE_STDLIB_H 1
| #define HAVE_STRING_H 1
| #define HAVE_MEMORY_H 1
| #define HAVE_STRINGS_H 1
| #define HAVE_INTTYPES_H 1
| #define HAVE_STDINT_H 1
| #define HAVE_UNISTD_H 1
| #define HAVE_DLFCN_H 1
| #define LT_OBJDIR ".libs/"
| /* end confdefs.h.  */
| #include <ac_nonexistent.h>
configure:13185: result: g++ -E
configure:13205: g++ -E  conftest.cpp
configure:13205: $? = 0
configure:13219: g++ -E  conftest.cpp
conftest.cpp:29:28: error: ac_nonexistent.h: No such file or directory
configure:13219: $? = 1
configure: failed program was:
| /* confdefs.h */
| #define PACKAGE_NAME "gc"
| #define PACKAGE_TARNAME "gc"
| #define PACKAGE_VERSION "7.2"
| #define PACKAGE_STRING "gc 7.2"
| #define PACKAGE_BUGREPORT "gc@linux.hpl.hp.com"
| #define PACKAGE_URL ""
| #define GC_VERSION_MAJOR 7
| #define GC_VERSION_MINOR 2
| #define PACKAGE "gc"
| #define VERSION "7.2"
| #define GC_LINUX_THREADS 1
| #define _REENTRANT 1
| #define PARALLEL_MARK 1
| #define THREAD_LOCAL_ALLOC 1
| #define STDC_HEADERS 1
| #define HAVE_SYS_TYPES_H 1
| #define HAVE_SYS_STAT_H 1
| #define HAVE_STDLIB_H 1
| #define HAVE_STRING_H 1
| #define HAVE_MEMORY_H 1
| #define HAVE_STRINGS_H 1
| #define HAVE_INTTYPES_H 1
| #define HAVE_STDINT_H 1
| #define HAVE_UNISTD_H 1
| #define HAVE_DLFCN_H 1
| #define LT_OBJDIR ".libs/"
| /* end confdefs.h.  */
| #include <ac_nonexistent.h>
configure:13388: checking for ld used by g++
configure:13455: result: /usr/bin/ld -m elf_x86_64
configure:13462: checking if the linker (/usr/bin/ld -m elf_x86_64) is GNU ld
configure:13477: result: yes
configure:13532: checking whether the g++ linker (/usr/bin/ld -m elf_x86_64) supports shared libraries
configure:14537: result: yes
configure:14573: g++ -c -g -O2  conftest.cpp >&5
configure:14576: $? = 0
configure:15096: checking for g++ option to produce PIC
configure:15103: result: -fPIC -DPIC
configure:15111: checking if g++ PIC flag -fPIC -DPIC works
configure:15129: g++ -c -g -O2  -fPIC -DPIC -DPIC conftest.cpp >&5
configure:15133: $? = 0
configure:15146: result: yes
configure:15169: checking if g++ static flag -static works
configure:15197: result: no
configure:15209: checking if g++ supports -c -o file.o
configure:15230: g++ -c -g -O2  -o out/conftest2.o conftest.cpp >&5
configure:15234: $? = 0
configure:15256: result: yes
configure:15261: checking if g++ supports -c -o file.o
configure:15308: result: yes
configure:15338: checking whether the g++ linker (/usr/bin/ld -m elf_x86_64) supports shared libraries
configure:15374: result: yes
configure:15515: checking dynamic linker characteristics
configure:16182: result: GNU/Linux ld.so
configure:16235: checking how to hardcode library paths into programs
configure:16260: result: immediate
configure:16346: checking whether Solaris gcc optimization fix is necessary
configure:16369: result: no
configure:16507: checking sys/dg_sys_info.h usability
configure:16507: gcc -c -g -O2 -fno-strict-aliasing  conftest.c >&5
conftest.c:65:29: error: sys/dg_sys_info.h: No such file or directory
configure:16507: $? = 1
configure: failed program was:
| /* confdefs.h */
| #define PACKAGE_NAME "gc"
| #define PACKAGE_TARNAME "gc"
| #define PACKAGE_VERSION "7.2"
| #define PACKAGE_STRING "gc 7.2"
| #define PACKAGE_BUGREPORT "gc@linux.hpl.hp.com"
| #define PACKAGE_URL ""
| #define GC_VERSION_MAJOR 7
| #define GC_VERSION_MINOR 2
| #define PACKAGE "gc"
| #define VERSION "7.2"
| #define GC_LINUX_THREADS 1
| #define _REENTRANT 1
| #define PARALLEL_MARK 1
| #define THREAD_LOCAL_ALLOC 1
| #define STDC_HEADERS 1
| #define HAVE_SYS_TYPES_H 1
| #define HAVE_SYS_STAT_H 1
| #define HAVE_STDLIB_H 1
| #define HAVE_STRING_H 1
| #define HAVE_MEMORY_H 1
| #define HAVE_STRINGS_H 1
| #define HAVE_INTTYPES_H 1
| #define HAVE_STDINT_H 1
| #define HAVE_UNISTD_H 1
| #define HAVE_DLFCN_H 1
| #define LT_OBJDIR ".libs/"
| #define NO_EXECUTE_PERMISSION 1
| #define ALL_INTERIOR_POINTERS 1
| #define GC_GCJ_SUPPORT 1
| /* end confdefs.h.  */
| #include <stdio.h>
| #ifdef HAVE_SYS_TYPES_H
| # include <sys/types.h>
| #endif
| #ifdef HAVE_SYS_STAT_H
| # include <sys/stat.h>
| #endif
| #ifdef STDC_HEADERS
| # include <stdlib.h>
| # include <stddef.h>
| #else
| # ifdef HAVE_STDLIB_H
| #  include <stdlib.h>
| # endif
| #endif
| #ifdef HAVE_STRING_H
| # if !defined STDC_HEADERS && defined HAVE_MEMORY_H
| #  include <memory.h>
| # endif
| # include <string.h>
| #endif
| #ifdef HAVE_STRINGS_H
| # include <strings.h>
| #endif
| #ifdef HAVE_INTTYPES_H
| # include <inttypes.h>
| #endif
| #ifdef HAVE_STDINT_H
| # include <stdint.h>
| #endif
| #ifdef HAVE_UNISTD_H
| # include <unistd.h>
| #endif
| #include <sys/dg_sys_info.h>
configure:16507: result: no
configure:16507: checking sys/dg_sys_info.h presence
configure:16507: gcc -E  conftest.c
conftest.c:32:29: error: sys/dg_sys_info.h: No such file or directory
configure:16507: $? = 1
configure: failed program was:
| /* confdefs.h */
| #define PACKAGE_NAME "gc"
| #define PACKAGE_TARNAME "gc"
| #define PACKAGE_VERSION "7.2"
| #define PACKAGE_STRING "gc 7.2"
| #define PACKAGE_BUGREPORT "gc@linux.hpl.hp.com"
| #define PACKAGE_URL ""
| #define GC_VERSION_MAJOR 7
| #define GC_VERSION_MINOR 2
| #define PACKAGE "gc"
| #define VERSION "7.2"
| #define GC_LINUX_THREADS 1
| #define _REENTRANT 1
| #define PARALLEL_MARK 1
| #define THREAD_LOCAL_ALLOC 1
| #define STDC_HEADERS 1
| #define HAVE_SYS_TYPES_H 1
| #define HAVE_SYS_STAT_H 1
| #define HAVE_STDLIB_H 1
| #define HAVE_STRING_H 1
| #define HAVE_MEMORY_H 1
| #define HAVE_STRINGS_H 1
| #define HAVE_INTTYPES_H 1
| #define HAVE_STDINT_H 1
| #define HAVE_UNISTD_H 1
| #define HAVE_DLFCN_H 1
| #define LT_OBJDIR ".libs/"
| #define NO_EXECUTE_PERMISSION 1
| #define ALL_INTERIOR_POINTERS 1
| #define GC_GCJ_SUPPORT 1
| /* end confdefs.h.  */
| #include <sys/dg_sys_info.h>
configure:16507: result: no
configure:16507: checking for sys/dg_sys_info.h
configure:16507: result: no
configure:16739: checking for pkg-config
configure:16757: found /usr/bin/pkg-config
configure:16769: result: /usr/bin/pkg-config
configure:16794: checking pkg-config is at least version 0.9.0
configure:16797: result: yes
configure:16808: checking for ATOMIC_OPS
configure:16815: $PKG_CONFIG --exists --print-errors "atomic_ops"
Package atomic_ops was not found in the pkg-config search path.
Perhaps you should add the directory containing `atomic_ops.pc'
to the PKG_CONFIG_PATH environment variable
No package 'atomic_ops' found
configure:16818: $? = 1
configure:16832: $PKG_CONFIG --exists --print-errors "atomic_ops"
Package atomic_ops was not found in the pkg-config search path.
Perhaps you should add the directory containing `atomic_ops.pc'
to the PKG_CONFIG_PATH environment variable
No package 'atomic_ops' found
configure:16835: $? = 1
configure:16849: result: no
No package 'atomic_ops' found
configure:16892: checking which libatomic_ops to use
configure:16900: result: internal
configure:17041: checking that generated files are newer than configure
configure:17047: result: done
configure:17134: creating ./config.status

## ---------------------- ##
## Running config.status. ##
## ---------------------- ##

This file was extended by gc config.status 7.2, which was
generated by GNU Autoconf 2.69.  Invocation command line was

  CONFIG_FILES    = 
  CONFIG_HEADERS  = 
  CONFIG_LINKS    = 
  CONFIG_COMMANDS = 
  $ ./config.status 

on k2

config.status:1217: creating Makefile
config.status:1217: creating bdw-gc.pc
config.status:1217: creating include/private/config.h
config.status:1446: executing depfiles commands
config.status:1446: executing libtool commands
config.status:1446: executing default commands
configure:19696: === configuring in libatomic_ops (/home/induk/workspace/x10-2.4.3-src/x10.runtime/src-cpp/bdwgc-7.2e/src/libatomic_ops)
configure:19759: running /bin/bash ./configure --disable-option-checking '--prefix=/home/induk/workspace/x10-2.4.3-src/x10.runtime/src-cpp/bdwgc-7.2e/install'  '-enable-threads=posix' '-enable-thread-local-alloc' '--enable-large-config' '--enable-parallel-mark' --cache-file=/dev/null --srcdir=.

## ---------------- ##
## Cache variables. ##
## ---------------- ##

ac_cv_build=x86_64-unknown-linux-gnu
ac_cv_c_compiler_gnu=yes
ac_cv_c_inline=inline
ac_cv_cxx_compiler_gnu=yes
ac_cv_env_ATOMIC_OPS_CFLAGS_set=
ac_cv_env_ATOMIC_OPS_CFLAGS_value=
ac_cv_env_ATOMIC_OPS_LIBS_set=
ac_cv_env_ATOMIC_OPS_LIBS_value=
ac_cv_env_CCASFLAGS_set=
ac_cv_env_CCASFLAGS_value=
ac_cv_env_CCAS_set=
ac_cv_env_CCAS_value=
ac_cv_env_CCC_set=
ac_cv_env_CCC_value=
ac_cv_env_CC_set=
ac_cv_env_CC_value=
ac_cv_env_CFLAGS_set=
ac_cv_env_CFLAGS_value=
ac_cv_env_CPPFLAGS_set=
ac_cv_env_CPPFLAGS_value=
ac_cv_env_CPP_set=
ac_cv_env_CPP_value=
ac_cv_env_CXXCPP_set=
ac_cv_env_CXXCPP_value=
ac_cv_env_CXXFLAGS_set=
ac_cv_env_CXXFLAGS_value=
ac_cv_env_CXX_set=
ac_cv_env_CXX_value=
ac_cv_env_LDFLAGS_set=
ac_cv_env_LDFLAGS_value=
ac_cv_env_LIBS_set=
ac_cv_env_LIBS_value=
ac_cv_env_PKG_CONFIG_LIBDIR_set=
ac_cv_env_PKG_CONFIG_LIBDIR_value=
ac_cv_env_PKG_CONFIG_PATH_set=
ac_cv_env_PKG_CONFIG_PATH_value=
ac_cv_env_PKG_CONFIG_set=
ac_cv_env_PKG_CONFIG_value=
ac_cv_env_build_alias_set=
ac_cv_env_build_alias_value=
ac_cv_env_host_alias_set=
ac_cv_env_host_alias_value=
ac_cv_env_target_alias_set=
ac_cv_env_target_alias_value=
ac_cv_fno_strict_aliasing=yes
ac_cv_header_dlfcn_h=yes
ac_cv_header_inttypes_h=yes
ac_cv_header_memory_h=yes
ac_cv_header_stdc=yes
ac_cv_header_stdint_h=yes
ac_cv_header_stdlib_h=yes
ac_cv_header_string_h=yes
ac_cv_header_strings_h=yes
ac_cv_header_sys_dg_sys_info_h=no
ac_cv_header_sys_stat_h=yes
ac_cv_header_sys_types_h=yes
ac_cv_header_unistd_h=yes
ac_cv_host=x86_64-unknown-linux-gnu
ac_cv_lib_dl_dlopen=yes
ac_cv_lib_pthread_pthread_self=yes
ac_cv_objext=o
ac_cv_path_EGREP='/bin/grep -E'
ac_cv_path_FGREP='/bin/grep -F'
ac_cv_path_GREP=/bin/grep
ac_cv_path_SED=/bin/sed
ac_cv_path_ac_pt_PKG_CONFIG=/usr/bin/pkg-config
ac_cv_path_install='/usr/bin/install -c'
ac_cv_path_mkdir=/bin/mkdir
ac_cv_prog_AWK=gawk
ac_cv_prog_CPP='gcc -E'
ac_cv_prog_CXXCPP='g++ -E'
ac_cv_prog_ac_ct_AR=ar
ac_cv_prog_ac_ct_CC=gcc
ac_cv_prog_ac_ct_CXX=g++
ac_cv_prog_ac_ct_OBJDUMP=objdump
ac_cv_prog_ac_ct_RANLIB=ranlib
ac_cv_prog_ac_ct_STRIP=strip
ac_cv_prog_cc_c89=
ac_cv_prog_cc_g=yes
ac_cv_prog_cc_gcc_c_o=yes
ac_cv_prog_cxx_g=yes
ac_cv_prog_make_make_set=yes
ac_cv_target=x86_64-unknown-linux-gnu
am_cv_CCAS_dependencies_compiler_type=gcc3
am_cv_CC_dependencies_compiler_type=gcc3
am_cv_CXX_dependencies_compiler_type=gcc3
am_cv_make_support_nested_variables=yes
lt_cv_ar_at_file=@
lt_cv_archive_cmds_need_lc=no
lt_cv_deplibs_check_method=pass_all
lt_cv_file_magic_cmd='$MAGIC_CMD'
lt_cv_file_magic_test_file=
lt_cv_ld_reload_flag=-r
lt_cv_nm_interface='BSD nm'
lt_cv_objdir=.libs
lt_cv_path_LD=/usr/bin/ld
lt_cv_path_LDCXX='/usr/bin/ld -m elf_x86_64'
lt_cv_path_NM='/usr/bin/nm -B'
lt_cv_path_mainfest_tool=no
lt_cv_prog_compiler_c_o=yes
lt_cv_prog_compiler_c_o_CXX=yes
lt_cv_prog_compiler_pic='-fPIC -DPIC'
lt_cv_prog_compiler_pic_CXX='-fPIC -DPIC'
lt_cv_prog_compiler_pic_works=yes
lt_cv_prog_compiler_pic_works_CXX=yes
lt_cv_prog_compiler_rtti_exceptions=no
lt_cv_prog_compiler_static_works=no
lt_cv_prog_compiler_static_works_CXX=no
lt_cv_prog_gnu_ld=yes
lt_cv_prog_gnu_ldcxx=yes
lt_cv_sharedlib_from_linklib_cmd='printf %s\n'
lt_cv_shlibpath_overrides_runpath=no
lt_cv_sys_global_symbol_pipe='sed -n -e '\''s/^.*[	 ]\([ABCDGIRSTW][ABCDGIRSTW]*\)[	 ][	 ]*\([_A-Za-z][_A-Za-z0-9]*\)$/\1 \2 \2/p'\'' | sed '\''/ __gnu_lto/d'\'''
lt_cv_sys_global_symbol_to_c_name_address='sed -n -e '\''s/^: \([^ ]*\)[ ]*$/  {\"\1\", (void *) 0},/p'\'' -e '\''s/^[ABCDGIRSTW]* \([^ ]*\) \([^ ]*\)$/  {"\2", (void *) \&\2},/p'\'''
lt_cv_sys_global_symbol_to_c_name_address_lib_prefix='sed -n -e '\''s/^: \([^ ]*\)[ ]*$/  {\"\1\", (void *) 0},/p'\'' -e '\''s/^[ABCDGIRSTW]* \([^ ]*\) \(lib[^ ]*\)$/  {"\2", (void *) \&\2},/p'\'' -e '\''s/^[ABCDGIRSTW]* \([^ ]*\) \([^ ]*\)$/  {"lib\2", (void *) \&\2},/p'\'''
lt_cv_sys_global_symbol_to_cdecl='sed -n -e '\''s/^T .* \(.*\)$/extern int \1();/p'\'' -e '\''s/^[ABCDGIRSTW]* .* \(.*\)$/extern char \1;/p'\'''
lt_cv_sys_max_cmd_len=3458764513820540925
lt_cv_to_host_file_cmd=func_convert_file_noop
lt_cv_to_tool_file_cmd=func_convert_file_noop

## ----------------- ##
## Output variables. ##
## ----------------- ##

ACLOCAL='${SHELL} /home/induk/workspace/x10-2.4.3-src/x10.runtime/src-cpp/bdwgc-7.2e/src/missing aclocal-1.13'
AMDEPBACKSLASH='\'
AMDEP_FALSE='#'
AMDEP_TRUE=''
AMTAR='$${TAR-tar}'
AM_BACKSLASH='\'
AM_CFLAGS=''
AM_CPPFLAGS=''
AM_DEFAULT_V='$(AM_DEFAULT_VERBOSITY)'
AM_DEFAULT_VERBOSITY='1'
AM_V='$(V)'
AR='ar'
ATOMIC_OPS_CFLAGS='-I$(top_builddir)/libatomic_ops/src -I$(top_srcdir)/libatomic_ops/src'
ATOMIC_OPS_LIBS=''
AUTOCONF='${SHELL} /home/induk/workspace/x10-2.4.3-src/x10.runtime/src-cpp/bdwgc-7.2e/src/missing autoconf'
AUTOHEADER='${SHELL} /home/induk/workspace/x10-2.4.3-src/x10.runtime/src-cpp/bdwgc-7.2e/src/missing autoheader'
AUTOMAKE='${SHELL} /home/induk/workspace/x10-2.4.3-src/x10.runtime/src-cpp/bdwgc-7.2e/src/missing automake-1.13'
AVOID_CPP_LIB_FALSE=''
AVOID_CPP_LIB_TRUE='#'
AWK='gawk'
CC='gcc'
CCAS='gcc'
CCASDEPMODE='depmode=gcc3'
CCASFLAGS='-g -O2'
CCDEPMODE='depmode=gcc3'
CFLAGS='-g -O2 -fno-strict-aliasing'
COMPILER_XLC_FALSE=''
COMPILER_XLC_TRUE='#'
CPLUSPLUS_FALSE=''
CPLUSPLUS_TRUE='#'
CPP='gcc -E'
CPPFLAGS=''
CXX='g++'
CXXCPP='g++ -E'
CXXDEPMODE='depmode=gcc3'
CXXFLAGS='-g -O2'
CYGPATH_W='echo'
DARWIN_THREADS_FALSE=''
DARWIN_THREADS_TRUE='#'
DEFS='-DHAVE_CONFIG_H'
DEPDIR='.deps'
DLLTOOL='false'
DSYMUTIL=''
DUMPBIN=''
ECHO_C=''
ECHO_N='-n'
ECHO_T=''
EGREP='/bin/grep -E'
ENABLE_GCJ_SUPPORT_FALSE='#'
ENABLE_GCJ_SUPPORT_TRUE=''
EXEEXT=''
EXTRA_TEST_LIBS=''
FGREP='/bin/grep -F'
GC_CFLAGS=' -fexceptions'
GC_VERSION=''
GREP='/bin/grep'
INSTALL_DATA='${INSTALL} -m 644'
INSTALL_PROGRAM='${INSTALL}'
INSTALL_SCRIPT='${INSTALL}'
INSTALL_STRIP_PROGRAM='$(install_sh) -c -s'
KEEP_BACK_PTRS_FALSE=''
KEEP_BACK_PTRS_TRUE='#'
LD='/usr/bin/ld -m elf_x86_64'
LDFLAGS=''
LIBOBJS=''
LIBS=''
LIBTOOL='$(SHELL) $(top_builddir)/libtool'
LIPO=''
LN_S='ln -s'
LTLIBOBJS=''
MAINT='#'
MAINTAINER_MODE_FALSE=''
MAINTAINER_MODE_TRUE='#'
MAKEINFO='${SHELL} /home/induk/workspace/x10-2.4.3-src/x10.runtime/src-cpp/bdwgc-7.2e/src/missing makeinfo'
MANIFEST_TOOL=':'
MKDIR_P='/bin/mkdir -p'
NEED_ATOMIC_OPS_ASM_FALSE=''
NEED_ATOMIC_OPS_ASM_TRUE='#'
NM='/usr/bin/nm -B'
NMEDIT=''
OBJDUMP='objdump'
OBJEXT='o'
OPENBSD_THREADS_FALSE=''
OPENBSD_THREADS_TRUE='#'
OTOOL64=''
OTOOL=''
PACKAGE='gc'
PACKAGE_BUGREPORT='gc@linux.hpl.hp.com'
PACKAGE_NAME='gc'
PACKAGE_STRING='gc 7.2'
PACKAGE_TARNAME='gc'
PACKAGE_URL=''
PACKAGE_VERSION='7.2'
PATH_SEPARATOR=':'
PKG_CONFIG='/usr/bin/pkg-config'
PKG_CONFIG_LIBDIR=''
PKG_CONFIG_PATH=''
PTHREADS_FALSE='#'
PTHREADS_TRUE=''
RANLIB='ranlib'
SED='/bin/sed'
SET_MAKE=''
SHELL='/bin/bash'
STRIP='strip'
THREADDLLIBS='-lpthread -ldl'
THREADS_FALSE='#'
THREADS_TRUE=''
UNWINDLIBS=''
USE_INTERNAL_LIBATOMIC_OPS_FALSE='#'
USE_INTERNAL_LIBATOMIC_OPS_TRUE=''
USE_LIBDIR_FALSE='#'
USE_LIBDIR_TRUE=''
VERSION='7.2'
WIN32_THREADS_FALSE=''
WIN32_THREADS_TRUE='#'
ac_ct_AR='ar'
ac_ct_CC='gcc'
ac_ct_CXX='g++'
ac_ct_DUMPBIN=''
addlibs=''
addobjs=' mach_dep.lo'
am__EXEEXT_FALSE=''
am__EXEEXT_TRUE='#'
am__fastdepCCAS_FALSE='#'
am__fastdepCCAS_TRUE=''
am__fastdepCC_FALSE='#'
am__fastdepCC_TRUE=''
am__fastdepCXX_FALSE='#'
am__fastdepCXX_TRUE=''
am__include='include'
am__isrc=''
am__leading_dot='.'
am__nodep='_no'
am__quote=''
am__tar='$${TAR-tar} chof - "$$tardir"'
am__untar='$${TAR-tar} xf -'
bindir='${exec_prefix}/bin'
build='x86_64-unknown-linux-gnu'
build_alias=''
build_cpu='x86_64'
build_os='linux-gnu'
build_vendor='unknown'
datadir='${datarootdir}'
datarootdir='${prefix}/share'
docdir='${datarootdir}/doc/${PACKAGE_TARNAME}'
dvidir='${docdir}'
exec_prefix='${prefix}'
extra_ldflags_libgc=''
host='x86_64-unknown-linux-gnu'
host_alias=''
host_cpu='x86_64'
host_os='linux-gnu'
host_vendor='unknown'
htmldir='${docdir}'
includedir='${prefix}/include'
infodir='${datarootdir}/info'
install_sh='${SHELL} /home/induk/workspace/x10-2.4.3-src/x10.runtime/src-cpp/bdwgc-7.2e/src/install-sh'
libdir='${exec_prefix}/lib'
libexecdir='${exec_prefix}/libexec'
localedir='${datarootdir}/locale'
localstatedir='${prefix}/var'
mandir='${datarootdir}/man'
mkdir_p='$(MKDIR_P)'
oldincludedir='/usr/include'
pdfdir='${docdir}'
prefix='/home/induk/workspace/x10-2.4.3-src/x10.runtime/src-cpp/bdwgc-7.2e/install'
program_transform_name='s,x,x,'
psdir='${docdir}'
sbindir='${exec_prefix}/sbin'
sharedstatedir='${prefix}/com'
subdirs=' libatomic_ops'
sysconfdir='${prefix}/etc'
target='x86_64-unknown-linux-gnu'
target_alias=''
target_all='libgc.la'
target_cpu='x86_64'
target_os='linux-gnu'
target_vendor='unknown'

## ----------- ##
## confdefs.h. ##
## ----------- ##

/* confdefs.h */
#define PACKAGE_NAME "gc"
#define PACKAGE_TARNAME "gc"
#define PACKAGE_VERSION "7.2"
#define PACKAGE_STRING "gc 7.2"
#define PACKAGE_BUGREPORT "gc@linux.hpl.hp.com"
#define PACKAGE_URL ""
#define GC_VERSION_MAJOR 7
#define GC_VERSION_MINOR 2
#define PACKAGE "gc"
#define VERSION "7.2"
#define GC_LINUX_THREADS 1
#define _REENTRANT 1
#define PARALLEL_MARK 1
#define THREAD_LOCAL_ALLOC 1
#define STDC_HEADERS 1
#define HAVE_SYS_TYPES_H 1
#define HAVE_SYS_STAT_H 1
#define HAVE_STDLIB_H 1
#define HAVE_STRING_H 1
#define HAVE_MEMORY_H 1
#define HAVE_STRINGS_H 1
#define HAVE_INTTYPES_H 1
#define HAVE_STDINT_H 1
#define HAVE_UNISTD_H 1
#define HAVE_DLFCN_H 1
#define LT_OBJDIR ".libs/"
#define NO_EXECUTE_PERMISSION 1
#define ALL_INTERIOR_POINTERS 1
#define GC_GCJ_SUPPORT 1
#define JAVA_FINALIZATION 1
#define ATOMIC_UNCOLLECTABLE 1
#define LARGE_CONFIG 1

configure: exit 0
