This file contains any messages produced by compilers while
running configure, to aid debugging if configure makes a mistake.

It was created by libatomic_ops configure 7.2, which was
generated by GNU Autoconf 2.69.  Invocation command line was

  $ ./configure --disable-option-checking --prefix=/home/induk/workspace/x10-2.4.3-src/x10.runtime/src-cpp/bdwgc-7.2e/install -enable-threads=posix -enable-thread-local-alloc --enable-large-config --enable-parallel-mark --cache-file=/dev/null --srcdir=.

## --------- ##
## Platform. ##
## --------- ##

hostname = k2
uname -m = x86_64
uname -r = 2.6.32-358.el6.x86_64
uname -s = Linux
uname -v = #1 SMP Fri Feb 22 00:31:26 UTC 2013

/usr/bin/uname -p = unknown
/bin/uname -X     = unknown

/bin/arch              = x86_64
/usr/bin/arch -k       = unknown
/usr/convex/getsysinfo = unknown
/usr/bin/hostinfo      = unknown
/bin/machine           = unknown
/usr/bin/oslevel       = unknown
/bin/universe          = unknown

PATH: /home/induk/workspace/x10-2.4.3-src/x10.dist/bin
PATH: /home/induk/Softwares/x10-trunk_2.4.3/x10.dist/bin
PATH: /home/induk/Softwares/x10-trunk_2.4.3/x10.dist/bin
PATH: /home/induk/workspace/x10-2.4.3-src/x10.dist/bin
PATH: /home/induk/workspace/x10-2.4.3-src/x10.dist/bin
PATH: /home/induk/Softwares/x10-trunk_2.4.3/x10.dist/bin
PATH: /usr/lib64/ccache
PATH: /usr/lib64/qt-3.3/bin
PATH: /usr/kerberos/sbin
PATH: /usr/kerberos/bin
PATH: /usr/local/bin
PATH: /bin
PATH: /usr/bin
PATH: /usr/local/sbin
PATH: /usr/sbin
PATH: /sbin
PATH: /usr/local/maui/sbin
PATH: /usr/local/maui/bin
PATH: /usr/lib/jvm/java-1.7.0-openjdk-1.7.0.9.x86_64/bin
PATH: /usr/bin/apt
PATH: /home/induk/Softwares/apache-ant-1.9.4/bin
PATH: /home/induk/bin
PATH: /usr/lib/jvm/java-1.7.0-openjdk-1.7.0.9.x86_64/bin
PATH: /usr/bin/apt
PATH: /home/induk/Softwares/apache-ant-1.9.4/bin
PATH: /home/induk/bin
PATH: /usr/lib/jvm/java-1.7.0-openjdk-1.7.0.9.x86_64/bin
PATH: /usr/bin/apt
PATH: /home/induk/Softwares/apache-ant-1.9.4/bin
PATH: /usr/lib/jvm/java-1.7.0-openjdk-1.7.0.9.x86_64/bin
PATH: /usr/bin/apt
PATH: /home/induk/Softwares/apache-ant-1.9.4/bin
PATH: /usr/lib/jvm/java-1.7.0-openjdk-1.7.0.9.x86_64/bin
PATH: /usr/bin/apt
PATH: /home/induk/Softwares/apache-ant-1.9.4/bin
PATH: /home/induk/Softwares/jdk1.7.0_51/bin
PATH: /usr/bin/apt
PATH: /home/induk/Softwares/apache-ant-1.9.4/bin
PATH: /home/induk/Softwares/jdk1.7.0_51/bin
PATH: /usr/bin/apt
PATH: /home/induk/Softwares/apache-ant-1.9.4/bin


## ----------- ##
## Core tests. ##
## ----------- ##

configure:2120: checking build system type
configure:2134: result: x86_64-unknown-linux-gnu
configure:2154: checking host system type
configure:2167: result: x86_64-unknown-linux-gnu
configure:2187: checking target system type
configure:2200: result: x86_64-unknown-linux-gnu
configure:2243: checking for a BSD-compatible install
configure:2311: result: /usr/bin/install -c
configure:2322: checking whether build environment is sane
configure:2377: result: yes
configure:2528: checking for a thread-safe mkdir -p
configure:2567: result: /bin/mkdir -p
configure:2574: checking for gawk
configure:2590: found /bin/gawk
configure:2601: result: gawk
configure:2612: checking whether make sets $(MAKE)
configure:2634: result: yes
configure:2663: checking whether make supports nested variables
configure:2680: result: yes
configure:2807: checking for ranlib
configure:2823: found /usr/bin/ranlib
configure:2834: result: ranlib
configure:2873: checking for style of include used by make
configure:2901: result: GNU
configure:2972: checking for gcc
configure:2988: found /usr/lib64/ccache/gcc
configure:2999: result: gcc
configure:3228: checking for C compiler version
configure:3237: gcc --version >&5
gcc (GCC) 4.4.7 20120313 (Red Hat 4.4.7-3)
Copyright (C) 2010 Free Software Foundation, Inc.
This is free software; see the source for copying conditions.  There is NO
warranty; not even for MERCHANTABILITY or FITNESS FOR A PARTICULAR PURPOSE.

configure:3248: $? = 0
configure:3237: gcc -v >&5
Using built-in specs.
Target: x86_64-redhat-linux
Configured with: ../configure --prefix=/usr --mandir=/usr/share/man --infodir=/usr/share/info --with-bugurl=http://bugzilla.redhat.com/bugzilla --enable-bootstrap --enable-shared --enable-threads=posix --enable-checking=release --with-system-zlib --enable-__cxa_atexit --disable-libunwind-exceptions --enable-gnu-unique-object --enable-languages=c,c++,objc,obj-c++,java,fortran,ada --enable-java-awt=gtk --disable-dssi --with-java-home=/usr/lib/jvm/java-1.5.0-gcj-1.5.0.0/jre --enable-libgcj-multifile --enable-java-maintainer-mode --with-ecj-jar=/usr/share/java/eclipse-ecj.jar --disable-libjava-multilib --with-ppl --with-cloog --with-tune=generic --with-arch_32=i686 --build=x86_64-redhat-linux
Thread model: posix
gcc version 4.4.7 20120313 (Red Hat 4.4.7-3) (GCC) 
configure:3248: $? = 0
configure:3237: gcc -V >&5
gcc: '-V' option must have argument
configure:3248: $? = 1
configure:3237: gcc -qversion >&5
gcc: unrecognized option '-qversion'
gcc: no input files
configure:3248: $? = 1
configure:3268: checking whether the C compiler works
configure:3290: gcc    conftest.c  >&5
configure:3294: $? = 0
configure:3342: result: yes
configure:3345: checking for C compiler default output file name
configure:3347: result: a.out
configure:3353: checking for suffix of executables
configure:3360: gcc -o conftest    conftest.c  >&5
configure:3364: $? = 0
configure:3386: result: 
configure:3408: checking whether we are cross compiling
configure:3416: gcc -o conftest    conftest.c  >&5
configure:3420: $? = 0
configure:3427: ./conftest
configure:3431: $? = 0
configure:3446: result: no
configure:3451: checking for suffix of object files
configure:3473: gcc -c   conftest.c >&5
configure:3477: $? = 0
configure:3498: result: o
configure:3502: checking whether we are using the GNU C compiler
configure:3521: gcc -c   conftest.c >&5
configure:3521: $? = 0
configure:3530: result: yes
configure:3539: checking whether gcc accepts -g
configure:3559: gcc -c -g  conftest.c >&5
configure:3559: $? = 0
configure:3600: result: yes
configure:3617: checking for gcc option to accept ISO C89
configure:3680: gcc  -c -g -O2  conftest.c >&5
configure:3680: $? = 0
configure:3693: result: none needed
configure:3715: checking dependency style of gcc
configure:3826: result: gcc3
configure:3842: checking whether gcc and cc understand -c and -o together
configure:3873: gcc -c conftest.c -o conftest2.o >&5
configure:3877: $? = 0
configure:3883: gcc -c conftest.c -o conftest2.o >&5
configure:3887: $? = 0
configure:3898: cc -c conftest.c >&5
configure:3902: $? = 0
configure:3910: cc -c conftest.c -o conftest2.o >&5
configure:3914: $? = 0
configure:3920: cc -c conftest.c -o conftest2.o >&5
configure:3924: $? = 0
configure:3942: result: yes
configure:3976: checking dependency style of gcc
configure:4085: result: gcc3
configure:4108: checking how to run the C preprocessor
configure:4139: gcc -E  conftest.c
configure:4139: $? = 0
configure:4153: gcc -E  conftest.c
conftest.c:11:28: error: ac_nonexistent.h: No such file or directory
configure:4153: $? = 1
configure: failed program was:
| /* confdefs.h */
| #define PACKAGE_NAME "libatomic_ops"
| #define PACKAGE_TARNAME "libatomic_ops"
| #define PACKAGE_VERSION "7.2"
| #define PACKAGE_STRING "libatomic_ops 7.2"
| #define PACKAGE_BUGREPORT ""
| #define PACKAGE_URL ""
| #define PACKAGE "libatomic_ops"
| #define VERSION "7.2"
| /* end confdefs.h.  */
| #include <ac_nonexistent.h>
configure:4178: result: gcc -E
configure:4198: gcc -E  conftest.c
configure:4198: $? = 0
configure:4212: gcc -E  conftest.c
conftest.c:11:28: error: ac_nonexistent.h: No such file or directory
configure:4212: $? = 1
configure: failed program was:
| /* confdefs.h */
| #define PACKAGE_NAME "libatomic_ops"
| #define PACKAGE_TARNAME "libatomic_ops"
| #define PACKAGE_VERSION "7.2"
| #define PACKAGE_STRING "libatomic_ops 7.2"
| #define PACKAGE_BUGREPORT ""
| #define PACKAGE_URL ""
| #define PACKAGE "libatomic_ops"
| #define VERSION "7.2"
| /* end confdefs.h.  */
| #include <ac_nonexistent.h>
configure:4241: checking for grep that handles long lines and -e
configure:4299: result: /bin/grep
configure:4304: checking for egrep
configure:4366: result: /bin/grep -E
configure:4371: checking for ANSI C header files
configure:4391: gcc -c -g -O2  conftest.c >&5
configure:4391: $? = 0
configure:4464: gcc -o conftest -g -O2   conftest.c  >&5
configure:4464: $? = 0
configure:4464: ./conftest
configure:4464: $? = 0
configure:4475: result: yes
configure:4488: checking for sys/types.h
configure:4488: gcc -c -g -O2  conftest.c >&5
configure:4488: $? = 0
configure:4488: result: yes
configure:4488: checking for sys/stat.h
configure:4488: gcc -c -g -O2  conftest.c >&5
configure:4488: $? = 0
configure:4488: result: yes
configure:4488: checking for stdlib.h
configure:4488: gcc -c -g -O2  conftest.c >&5
configure:4488: $? = 0
configure:4488: result: yes
configure:4488: checking for string.h
configure:4488: gcc -c -g -O2  conftest.c >&5
configure:4488: $? = 0
configure:4488: result: yes
configure:4488: checking for memory.h
configure:4488: gcc -c -g -O2  conftest.c >&5
configure:4488: $? = 0
configure:4488: result: yes
configure:4488: checking for strings.h
configure:4488: gcc -c -g -O2  conftest.c >&5
configure:4488: $? = 0
configure:4488: result: yes
configure:4488: checking for inttypes.h
configure:4488: gcc -c -g -O2  conftest.c >&5
configure:4488: $? = 0
configure:4488: result: yes
configure:4488: checking for stdint.h
configure:4488: gcc -c -g -O2  conftest.c >&5
configure:4488: $? = 0
configure:4488: result: yes
configure:4488: checking for unistd.h
configure:4488: gcc -c -g -O2  conftest.c >&5
configure:4488: $? = 0
configure:4488: result: yes
configure:4506: checking for stdlib.h
configure:4506: result: yes
configure:4506: checking for unistd.h
configure:4506: result: yes
configure:4506: checking for sys/param.h
configure:4506: gcc -c -g -O2  conftest.c >&5
configure:4506: $? = 0
configure:4506: result: yes
configure:4526: checking for getpagesize
configure:4526: gcc -o conftest -g -O2   conftest.c  >&5
configure:4526: $? = 0
configure:4526: result: yes
configure:4535: checking for working mmap
configure:4682: gcc -o conftest -g -O2   conftest.c  >&5
configure:4682: $? = 0
configure:4682: ./conftest
configure:4682: $? = 0
configure:4692: result: yes
configure:4703: checking for ANSI C header files
configure:4807: result: yes
configure:4820: checking for PIC compiler flag
configure:4830: result: -fPIC
configure:4833: checking whether gcc -fPIC causes __PIC__ definition
configure:4853: gcc -c -fPIC -g -O2  conftest.c >&5
configure:4853: $? = 0
configure:4860: result: yes
configure:4905: checking for pthread_self in -lpthread
configure:4930: gcc -o conftest -g -O2 -DNDEBUG   conftest.c -lpthread   >&5
configure:4930: $? = 0
configure:4939: result: yes
configure:5096: checking that generated files are newer than configure
configure:5102: result: done
configure:5137: creating ./config.status

## ---------------------- ##
## Running config.status. ##
## ---------------------- ##

This file was extended by libatomic_ops config.status 7.2, which was
generated by GNU Autoconf 2.69.  Invocation command line was

  CONFIG_FILES    = 
  CONFIG_HEADERS  = 
  CONFIG_LINKS    = 
  CONFIG_COMMANDS = 
  $ ./config.status 

on k2

config.status:896: creating Makefile
config.status:896: creating pkgconfig/atomic_ops.pc
config.status:896: creating pkgconfig/atomic_ops-uninstalled.pc
config.status:896: creating doc/Makefile
config.status:896: creating src/Makefile
config.status:896: creating src/atomic_ops/Makefile
config.status:896: creating src/atomic_ops/sysdeps/Makefile
config.status:896: creating tests/Makefile
config.status:896: creating src/config.h
config.status:1125: executing depfiles commands
config.status:1125: executing default commands

## ---------------- ##
## Cache variables. ##
## ---------------- ##

ac_cv_build=x86_64-unknown-linux-gnu
ac_cv_c_compiler_gnu=yes
ac_cv_env_CCASFLAGS_set=
ac_cv_env_CCASFLAGS_value=
ac_cv_env_CCAS_set=
ac_cv_env_CCAS_value=
ac_cv_env_CC_set=
ac_cv_env_CC_value=
ac_cv_env_CFLAGS_set=
ac_cv_env_CFLAGS_value=
ac_cv_env_CPPFLAGS_set=
ac_cv_env_CPPFLAGS_value=
ac_cv_env_CPP_set=
ac_cv_env_CPP_value=
ac_cv_env_LDFLAGS_set=
ac_cv_env_LDFLAGS_value=
ac_cv_env_LIBS_set=
ac_cv_env_LIBS_value=
ac_cv_env_build_alias_set=
ac_cv_env_build_alias_value=
ac_cv_env_host_alias_set=
ac_cv_env_host_alias_value=
ac_cv_env_target_alias_set=
ac_cv_env_target_alias_value=
ac_cv_func_getpagesize=yes
ac_cv_func_mmap_fixed_mapped=yes
ac_cv_header_inttypes_h=yes
ac_cv_header_memory_h=yes
ac_cv_header_stdc=yes
ac_cv_header_stdint_h=yes
ac_cv_header_stdlib_h=yes
ac_cv_header_string_h=yes
ac_cv_header_strings_h=yes
ac_cv_header_sys_param_h=yes
ac_cv_header_sys_stat_h=yes
ac_cv_header_sys_types_h=yes
ac_cv_header_unistd_h=yes
ac_cv_host=x86_64-unknown-linux-gnu
ac_cv_lib_pthread_pthread_self=yes
ac_cv_objext=o
ac_cv_path_EGREP='/bin/grep -E'
ac_cv_path_GREP=/bin/grep
ac_cv_path_install='/usr/bin/install -c'
ac_cv_path_mkdir=/bin/mkdir
ac_cv_pic_macro=yes
ac_cv_prog_AWK=gawk
ac_cv_prog_CPP='gcc -E'
ac_cv_prog_ac_ct_CC=gcc
ac_cv_prog_ac_ct_RANLIB=ranlib
ac_cv_prog_cc_c89=
ac_cv_prog_cc_g=yes
ac_cv_prog_cc_gcc_c_o=yes
ac_cv_prog_make_make_set=yes
ac_cv_target=x86_64-unknown-linux-gnu
am_cv_CCAS_dependencies_compiler_type=gcc3
am_cv_CC_dependencies_compiler_type=gcc3
am_cv_make_support_nested_variables=yes

## ----------------- ##
## Output variables. ##
## ----------------- ##

ACLOCAL='${SHELL} /home/induk/workspace/x10-2.4.3-src/x10.runtime/src-cpp/bdwgc-7.2e/src/libatomic_ops/missing aclocal-1.13'
AMDEPBACKSLASH='\'
AMDEP_FALSE='#'
AMDEP_TRUE=''
AMTAR='$${TAR-tar}'
AM_BACKSLASH='\'
AM_DEFAULT_V='$(AM_DEFAULT_VERBOSITY)'
AM_DEFAULT_VERBOSITY='1'
AM_V='$(V)'
AUTOCONF='${SHELL} /home/induk/workspace/x10-2.4.3-src/x10.runtime/src-cpp/bdwgc-7.2e/src/libatomic_ops/missing autoconf'
AUTOHEADER='${SHELL} /home/induk/workspace/x10-2.4.3-src/x10.runtime/src-cpp/bdwgc-7.2e/src/libatomic_ops/missing autoheader'
AUTOMAKE='${SHELL} /home/induk/workspace/x10-2.4.3-src/x10.runtime/src-cpp/bdwgc-7.2e/src/libatomic_ops/missing automake-1.13'
AWK='gawk'
CC='gcc'
CCAS='gcc'
CCASDEPMODE='depmode=gcc3'
CCASFLAGS='-g -O2'
CCDEPMODE='depmode=gcc3'
CFLAGS='-g -O2 -DNDEBUG'
CPP='gcc -E'
CPPFLAGS=''
CYGPATH_W='echo'
DEFS='-DHAVE_CONFIG_H'
DEPDIR='.deps'
ECHO_C=''
ECHO_N='-n'
ECHO_T=''
EGREP='/bin/grep -E'
EXEEXT=''
GREP='/bin/grep'
HAVE_PTHREAD_H_FALSE='#'
HAVE_PTHREAD_H_TRUE=''
INSTALL_DATA='${INSTALL} -m 644'
INSTALL_PROGRAM='${INSTALL}'
INSTALL_SCRIPT='${INSTALL}'
INSTALL_STRIP_PROGRAM='$(install_sh) -c -s'
LDFLAGS=''
LIBOBJS=''
LIBS=''
LTLIBOBJS=''
MAKEINFO='${SHELL} /home/induk/workspace/x10-2.4.3-src/x10.runtime/src-cpp/bdwgc-7.2e/src/libatomic_ops/missing makeinfo'
MKDIR_P='/bin/mkdir -p'
NEED_ASM_FALSE=''
NEED_ASM_TRUE='#'
OBJEXT='o'
PACKAGE='libatomic_ops'
PACKAGE_BUGREPORT=''
PACKAGE_NAME='libatomic_ops'
PACKAGE_STRING='libatomic_ops 7.2'
PACKAGE_TARNAME='libatomic_ops'
PACKAGE_URL=''
PACKAGE_VERSION='7.2'
PATH_SEPARATOR=':'
PICFLAG='-fPIC'
RANLIB='ranlib'
SET_MAKE=''
SHELL='/bin/bash'
STRIP=''
THREADDLLIBS='-lpthread'
VERSION='7.2'
ac_ct_CC='gcc'
am__EXEEXT_FALSE=''
am__EXEEXT_TRUE='#'
am__fastdepCCAS_FALSE='#'
am__fastdepCCAS_TRUE=''
am__fastdepCC_FALSE='#'
am__fastdepCC_TRUE=''
am__include='include'
am__isrc=''
am__leading_dot='.'
am__nodep='_no'
am__quote=''
am__tar='$${TAR-tar} chof - "$$tardir"'
am__untar='$${TAR-tar} xf -'
bindir='${exec_prefix}/bin'
build='x86_64-unknown-linux-gnu'
build_alias=''
build_cpu='x86_64'
build_os='linux-gnu'
build_vendor='unknown'
datadir='${datarootdir}'
datarootdir='${prefix}/share'
docdir='${datarootdir}/doc/${PACKAGE_TARNAME}'
dvidir='${docdir}'
exec_prefix='${prefix}'
host='x86_64-unknown-linux-gnu'
host_alias=''
host_cpu='x86_64'
host_os='linux-gnu'
host_vendor='unknown'
htmldir='${docdir}'
includedir='${prefix}/include'
infodir='${datarootdir}/info'
install_sh='${SHELL} /home/induk/workspace/x10-2.4.3-src/x10.runtime/src-cpp/bdwgc-7.2e/src/libatomic_ops/install-sh'
libdir='${exec_prefix}/lib'
libexecdir='${exec_prefix}/libexec'
localedir='${datarootdir}/locale'
localstatedir='${prefix}/var'
mandir='${datarootdir}/man'
mkdir_p='$(MKDIR_P)'
oldincludedir='/usr/include'
pdfdir='${docdir}'
prefix='/home/induk/workspace/x10-2.4.3-src/x10.runtime/src-cpp/bdwgc-7.2e/install'
program_transform_name='s,x,x,'
psdir='${docdir}'
sbindir='${exec_prefix}/sbin'
sharedstatedir='${prefix}/com'
sysconfdir='${prefix}/etc'
target='x86_64-unknown-linux-gnu'
target_alias=''
target_cpu='x86_64'
target_os='linux-gnu'
target_vendor='unknown'

## ----------- ##
## confdefs.h. ##
## ----------- ##

/* confdefs.h */
#define PACKAGE_NAME "libatomic_ops"
#define PACKAGE_TARNAME "libatomic_ops"
#define PACKAGE_VERSION "7.2"
#define PACKAGE_STRING "libatomic_ops 7.2"
#define PACKAGE_BUGREPORT ""
#define PACKAGE_URL ""
#define PACKAGE "libatomic_ops"
#define VERSION "7.2"
#define STDC_HEADERS 1
#define HAVE_SYS_TYPES_H 1
#define HAVE_SYS_STAT_H 1
#define HAVE_STDLIB_H 1
#define HAVE_STRING_H 1
#define HAVE_MEMORY_H 1
#define HAVE_STRINGS_H 1
#define HAVE_INTTYPES_H 1
#define HAVE_STDINT_H 1
#define HAVE_UNISTD_H 1
#define HAVE_STDLIB_H 1
#define HAVE_UNISTD_H 1
#define HAVE_SYS_PARAM_H 1
#define HAVE_GETPAGESIZE 1
#define HAVE_MMAP 1
#define STDC_HEADERS 1
#define _REENTRANT 1

configure: exit 0
